<?xml version="1.0" encoding="UTF-8"?>
<!-- Generated by org.testng.reporters.JUnitReportReporter -->
<testsuite skipped="0" hostname="ajit" name="com.ajit.testScripts.login.LoginTest" tests="3" failures="0" timestamp="29 May 2018 08:39:12 GMT" time="262.322" errors="1">
  <testcase name="loginTest" time="12.136" classname="com.ajit.testScripts.login.LoginTest"/>
  <testcase name="loginTest" time="234.110" classname="com.ajit.testScripts.login.LoginTest">
    <error type="java.lang.NullPointerException">
      <![CDATA[java.lang.NullPointerExceptionat sun.reflect.NativeMethodAccessorImpl.invoke0(Native Method)at sun.reflect.NativeMethodAccessorImpl.invoke(NativeMethodAccessorImpl.java:62)at sun.reflect.DelegatingMethodAccessorImpl.invoke(DelegatingMethodAccessorImpl.java:43)at java.lang.reflect.Method.invoke(Method.java:498)at org.openqa.selenium.support.pagefactory.internal.LocatingElementHandler.invoke(LocatingElementHandler.java:51)at com.sun.proxy.$Proxy11.toString(Unknown Source)at java.lang.String.valueOf(String.java:2994)at java.lang.StringBuilder.append(StringBuilder.java:131)at org.openqa.selenium.support.ui.ExpectedConditions$10.toString(ExpectedConditions.java:306)at java.lang.String.valueOf(String.java:2994)at java.lang.StringBuilder.append(StringBuilder.java:131)at org.openqa.selenium.support.ui.FluentWait.until(FluentWait.java:227)at com.ajit.helper.waitHelper.WaitHelper.waitForElement(WaitHelper.java:24)at com.ajit.pageObject.account.Account.<init>(Account.java:38)at com.ajit.pageObject.login.Login.loginToApplication(Login.java:49)at com.ajit.testScripts.login.LoginTest.loginTest(LoginTest.java:52)at sun.reflect.NativeMethodAccessorImpl.invoke0(Native Method)at sun.reflect.NativeMethodAccessorImpl.invoke(NativeMethodAccessorImpl.java:62)at sun.reflect.DelegatingMethodAccessorImpl.invoke(DelegatingMethodAccessorImpl.java:43)at java.lang.reflect.Method.invoke(Method.java:498)at org.testng.internal.MethodInvocationHelper.invokeMethod(MethodInvocationHelper.java:124)at org.testng.internal.Invoker.invokeMethod(Invoker.java:571)at org.testng.internal.Invoker.invokeTestMethod(Invoker.java:707)at org.testng.internal.Invoker.invokeTestMethods(Invoker.java:979)at org.testng.internal.TestMethodWorker.invokeTestMethods(TestMethodWorker.java:125)at org.testng.internal.TestMethodWorker.run(TestMethodWorker.java:109)at org.testng.TestRunner.privateRun(TestRunner.java:648)at org.testng.TestRunner.run(TestRunner.java:505)at org.testng.SuiteRunner.runTest(SuiteRunner.java:455)at org.testng.SuiteRunner.runSequentially(SuiteRunner.java:450)at org.testng.SuiteRunner.privateRun(SuiteRunner.java:415)at org.testng.SuiteRunner.run(SuiteRunner.java:364)at org.testng.SuiteRunnerWorker.runSuite(SuiteRunnerWorker.java:52)at org.testng.SuiteRunnerWorker.run(SuiteRunnerWorker.java:84)at org.testng.TestNG.runSuitesSequentially(TestNG.java:1187)at org.testng.TestNG.runSuitesLocally(TestNG.java:1116)at org.testng.TestNG.runSuites(TestNG.java:1028)at org.testng.TestNG.run(TestNG.java:996)at org.testng.remote.AbstractRemoteTestNG.run(AbstractRemoteTestNG.java:114)at org.testng.remote.RemoteTestNG.initAndRun(RemoteTestNG.java:251)at org.testng.remote.RemoteTestNG.main(RemoteTestNG.java:77)]]>
    </error>
  </testcase> <!-- loginTest -->
  <testcase name="loginTest" time="16.076" classname="com.ajit.testScripts.login.LoginTest"/>
</testsuite> <!-- com.ajit.testScripts.login.LoginTest -->
