<?xml version="1.0" encoding="UTF-8"?>
<!-- Generated by org.testng.reporters.JUnitReportReporter -->
<testsuite skipped="0" hostname="ajit" name="com.ajit.testScripts.storeLocator.StoresLocatorTest" tests="1" failures="0" timestamp="22 May 2018 08:30:44 GMT" time="9.980" errors="0">
  <testcase name="storesLocatorTest" time="9.980" classname="com.ajit.testScripts.storeLocator.StoresLocatorTest"/>
</testsuite> <!-- com.ajit.testScripts.storeLocator.StoresLocatorTest -->
