<?xml version="1.0" encoding="UTF-8"?>
<!-- Generated by org.testng.reporters.JUnitReportReporter -->
<testsuite skipped="0" hostname="ajit" name="com.ajit.testScripts.storeLocator.StoresLocatorTest" tests="1" failures="0" timestamp="30 May 2018 07:49:26 GMT" time="5.277" errors="0">
  <testcase name="storesLocatorTest" time="5.277" classname="com.ajit.testScripts.storeLocator.StoresLocatorTest"/>
</testsuite> <!-- com.ajit.testScripts.storeLocator.StoresLocatorTest -->
