<?xml version="1.0" encoding="UTF-8"?>
<!-- Generated by org.testng.reporters.JUnitReportReporter -->
<testsuite skipped="2" hostname="ajit" name="com.ajit.testScripts.registration.RegistrationTest" tests="3" failures="0" timestamp="21 May 2018 19:33:45 GMT" time="13.573" errors="0">
  <testcase name="registrationTest" time="0.002" classname="com.ajit.testScripts.registration.RegistrationTest">
    <skipped/>
  </testcase> <!-- registrationTest -->
  <testcase name="registrationTest" time="0.001" classname="com.ajit.testScripts.registration.RegistrationTest">
    <skipped/>
  </testcase> <!-- registrationTest -->
  <testcase name="registrationTest" time="13.570" classname="com.ajit.testScripts.registration.RegistrationTest"/>
</testsuite> <!-- com.ajit.testScripts.registration.RegistrationTest -->
