<?xml version="1.0" encoding="UTF-8"?>
<!-- Generated by org.testng.reporters.JUnitReportReporter -->
<testsuite skipped="1" hostname="ajit" name="com.ajit.testScripts.login.LoginTest" tests="3" failures="0" timestamp="30 May 2018 07:49:26 GMT" time="20.854" errors="0">
  <testcase name="loginTest" time="11.833" classname="com.ajit.testScripts.login.LoginTest"/>
  <testcase name="loginTest" time="0.000" classname="com.ajit.testScripts.login.LoginTest">
    <skipped/>
  </testcase> <!-- loginTest -->
  <testcase name="loginTest" time="9.021" classname="com.ajit.testScripts.login.LoginTest"/>
</testsuite> <!-- com.ajit.testScripts.login.LoginTest -->
