<?xml version="1.0" encoding="UTF-8"?>
<!-- Generated by org.testng.reporters.JUnitReportReporter -->
<testsuite skipped="0" hostname="ajit" name="com.ajit.testScripts.storeLocator.StoresLocatorTest" tests="1" failures="0" timestamp="29 May 2018 08:39:12 GMT" time="8.796" errors="0">
  <testcase name="storesLocatorTest" time="8.796" classname="com.ajit.testScripts.storeLocator.StoresLocatorTest"/>
</testsuite> <!-- com.ajit.testScripts.storeLocator.StoresLocatorTest -->
